<?xml version="1.0" encoding="UTF-8"?>
<testsuite xmlns:xsi="http://www.w3.org/2001/XMLSchema-instance" xsi:noNamespaceSchemaLocation="https://maven.apache.org/surefire/maven-surefire-plugin/xsd/surefire-test-report.xsd" name="runnertest.Runner" time="1.271" tests="1" errors="1" skipped="0" failures="0">
  <properties>
[...]
</properties>
  <testcase name="to check login with correct credential" classname="to verify login page functional testing" time="0.357">
    <error message="The driver executable must exist: C:\Users\kshir\OneDrive\Desktop\cucumber\CucumberDemo\chromedriver\chromedriver.exe" type="java.lang.IllegalStateException">java.lang.IllegalStateException: The driver executable must exist: C:\Users\kshir\OneDrive\Desktop\cucumber\CucumberDemo\chromedriver\chromedriver.exe
</error>
    <system-out><![CDATA[
@regration
Scenario: to check login with correct credential &amp#27;[90m# feature/login.feature:4&amp#27;[0m
      &amp#27;[31mjava.lang.IllegalStateException: The driver executable must exist: C:\Users\kshir\OneDrive\Desktop\cucumber\CucumberDemo\chromedriver\chromedriver.exe
	at org.openqa.selenium.internal.Require$FileStateChecker.isFile(Require.java:342)
	at org.openqa.selenium.remote.service.DriverService.checkExecutable(DriverService.java:147)
	at org.openqa.selenium.remote.service.DriverService.findExecutable(DriverService.java:142)
	at org.openqa.selenium.chrome.ChromeDriverService.access$000(ChromeDriverService.java:38)
	at org.openqa.selenium.chrome.ChromeDriverService$Builder.findDefaultExecutable(ChromeDriverService.java:231)
	at org.openqa.selenium.remote.service.DriverService$Builder.build(DriverService.java:437)
	at org.openqa.selenium.chrome.ChromeDriverService.createDefaultService(ChromeDriverService.java:127)
	at org.openqa.selenium.chrome.ChromeDriver.<init>(ChromeDriver.java:48)
	at stepdefination.Steps.setup(Steps.java:30)
&amp#27;[0m
  &amp#27;[36mGiven &amp#27;[0m&amp#27;[36mopne chrome browser homepage url&amp#27;[0m         &amp#27;[90m# stepdefination.Steps.opne_chrome_browser_homepage_url()&amp#27;[0m
  &amp#27;[36mWhen &amp#27;[0m&amp#27;[36menter username and password&amp#27;[0m               &amp#27;[90m# stepdefination.Steps.enter_username_and_password()&amp#27;[0m
  &amp#27;[36mThen &amp#27;[0m&amp#27;[36mclick on submit button&amp#27;[0m                    &amp#27;[90m# stepdefination.Steps.click_on_submit_button()&amp#27;[0m
  &amp#27;[36mGiven &amp#27;[0m&amp#27;[36mclick on Leave button&amp#27;[0m                    &amp#27;[90m# stepdefination.Steps.click_on_leave_button()&amp#27;[0m
  &amp#27;[36mAnd &amp#27;[0m&amp#27;[36mclick on check point&amp#27;[0m                       &amp#27;[90m# stepdefination.Steps.click_on_check_point()&amp#27;[0m
  &amp#27;[36mAnd &amp#27;[0m&amp#27;[36mclick on past employee&amp#27;[0m                     &amp#27;[90m# stepdefination.Steps.click_on_past_employee()&amp#27;[0m
]]></system-out>
  </testcase>
</testsuite>